<?xml version="1.0" encoding="UTF-8"?>
<Site BuildName="(empty)"
	BuildStamp="20240822-1518-Experimental"
	Name="yuanyuan-Legion-Y9000P-IAH7H"
	Generator="ctest-3.26.3"
	CompilerName="/usr/bin/c++"
	CompilerVersion="11.4.0"
	OSName="Linux"
	Hostname="yuanyuan-Legion-Y9000P-IAH7H"
	OSRelease="5.15.0-118-generic"
	OSVersion="#128~20.04.1-Ubuntu SMP Wed Jul 17 13:41:17 UTC 2024"
	OSPlatform="x86_64"
	Is64Bits="1"
	VendorString="GenuineIntel"
	VendorID="Intel Corporation"
	FamilyID="6"
	ModelID="154"
	ProcessorCacheSize="24576"
	NumberOfLogicalCPU="20"
	NumberOfPhysicalCPU="14"
	TotalVirtualMemory="24575"
	TotalPhysicalMemory="15778"
	LogicalProcessorsPerPhysical="1"
	ProcessorClockFrequency="4045.57"
	>
	<Testing>
		<StartDateTime>Aug 22 23:18 CST</StartDateTime>
		<StartTestTime>1724339935</StartTestTime>
		<TestList/>
		<EndDateTime>Aug 22 23:18 CST</EndDateTime>
		<EndTestTime>1724339935</EndTestTime>
		<ElapsedMinutes>0</ElapsedMinutes>
	</Testing>
</Site>
